<?xml version="1.0" encoding="UTF-8"?>
<!-- Generated by org.testng.reporters.JUnitReportReporter -->
<testsuite skipped="0" hostname="LAPTOP-P266U98J" name="com.actiTime.customerTest.CustomerTest" tests="3" failures="0" timestamp="10 Jan 2019 10:45:54 GMT" time="0.006" errors="0">
  <testcase name="createCustomerTest" time="0.001" classname="com.actiTime.customerTest.CustomerTest"/>
  <testcase name="deleteCustomerTest" time="0.003" classname="com.actiTime.customerTest.CustomerTest"/>
  <testcase name="modifyCustomerTest" time="0.002" classname="com.actiTime.customerTest.CustomerTest"/>
</testsuite> <!-- com.actiTime.customerTest.CustomerTest -->
