<?xml version="1.0" encoding="UTF-8"?>
<!-- Generated by org.testng.reporters.JUnitReportReporter -->
<testsuite skipped="0" hostname="LAPTOP-P266U98J" name="com.actiTime.userTest.UserTest" tests="3" failures="0" timestamp="10 Jan 2019 10:45:54 GMT" time="0.015" errors="0">
  <testcase name="createUserTest" time="0.012" classname="com.actiTime.userTest.UserTest"/>
  <testcase name="deleteUserTest" time="0.001" classname="com.actiTime.userTest.UserTest"/>
  <testcase name="modifyUserTest" time="0.002" classname="com.actiTime.userTest.UserTest"/>
</testsuite> <!-- com.actiTime.userTest.UserTest -->
