<?xml version="1.0" encoding="UTF-8"?>
<!-- Generated by org.testng.reporters.JUnitReportReporter -->
<testsuite skipped="0" hostname="LAPTOP-P266U98J" name="Practice.SampleTest" tests="3" failures="0" timestamp="10 Jan 2019 10:31:59 GMT" time="0.016" errors="0">
  <testcase name="createSampleTest" time="0.013" classname="Practice.SampleTest"/>
  <testcase name="modifySampleTest" time="0.002" classname="Practice.SampleTest"/>
  <testcase name="deleteSampleTest" time="0.001" classname="Practice.SampleTest"/>
</testsuite> <!-- Practice.SampleTest -->
