<?xml version="1.0" encoding="UTF-8"?>
<!-- Generated by org.testng.reporters.JUnitReportReporter -->
<testsuite skipped="0" hostname="LAPTOP-P266U98J" name="com.actiTime.reportTest.ReportTest" tests="3" failures="0" timestamp="10 Jan 2019 10:45:54 GMT" time="0.006" errors="0">
  <testcase name="modifyReportTest" time="0.002" classname="com.actiTime.reportTest.ReportTest"/>
  <testcase name="deleteReportTest" time="0.002" classname="com.actiTime.reportTest.ReportTest"/>
  <testcase name="createReportTest" time="0.002" classname="com.actiTime.reportTest.ReportTest"/>
</testsuite> <!-- com.actiTime.reportTest.ReportTest -->
