<?xml version="1.0" encoding="UTF-8"?>
<!-- Generated by org.testng.reporters.JUnitReportReporter -->
<testsuite skipped="0" hostname="LAPTOP-P266U98J" name="Practice.MainClass" tests="3" failures="0" timestamp="10 Jan 2019 11:01:11 GMT" time="0.013" errors="0">
  <testcase name="modifyTest" time="0.003" classname="Practice.MainClass"/>
  <testcase name="createTest" time="0.008" classname="Practice.MainClass"/>
  <testcase name="deleteTest" time="0.002" classname="Practice.MainClass"/>
</testsuite> <!-- Practice.MainClass -->
